

Please cite the following paper when using nnUNet:

Isensee, F., Jaeger, P.F., Kohl, S.A.A. et al. "nnU-Net: a self-configuring method for deep learning-based biomedical image segmentation." Nat Methods (2020). https://doi.org/10.1038/s41592-020-01008-z


If you have questions or suggestions, feel free to open an issue at https://github.com/MIC-DKFZ/nnUNet

Verifying training set
checking case MICCAI_000
checking case MICCAI_001
checking case MICCAI_002
checking case MICCAI_006
checking case MICCAI_007
checking case MICCAI_008
checking case MICCAI_009
checking case MICCAI_010
checking case MICCAI_011
checking case MICCAI_012
checking case MICCAI_013
checking case MICCAI_014
checking case MICCAI_015
checking case MICCAI_017
checking case MICCAI_036
Verifying label values
Expected label values are [0, 1, 2, 3, 4, 5, 6, 7, 8, 9, 10, 11, 12, 13, 14, 15, 16, 17, 18, 19, 20, 21, 22, 23, 24, 25, 26, 27, 28, 29, 30, 31, 32, 33, 34, 35, 36, 37, 38, 39, 40, 41, 42, 43, 44, 45, 46, 47, 48, 49, 50, 51, 52, 53, 54, 55, 56, 57, 58, 59, 60, 61, 62, 63, 64, 65, 66, 67, 68, 69, 70, 71, 72, 73, 74, 75, 76, 77, 78, 79, 80, 81, 82, 83, 84, 85, 86, 87, 88, 89, 90, 91, 92, 93, 94, 95, 96, 97, 98, 99, 100, 101, 102, 103, 104, 105, 106, 107, 108, 109, 110, 111, 112, 113, 114, 115, 116, 117, 118, 119, 120, 121, 122, 123, 124, 125, 126, 127, 128, 129, 130, 131, 132, 133, 134, 135, 136, 137, 138, 139, 140, 141, 142, 143, 144, 145, 146, 147, 148, 149, 150, 151, 152, 153, 154, 155, 156, 157, 158, 159, 160, 161, 162, 163, 164, 165, 166, 167, 168, 169, 170, 171, 172, 173, 174, 175, 176, 177, 178, 179, 180, 181, 182, 183, 184, 185, 186, 187, 188, 189, 190, 191, 192, 193, 194, 195, 196, 197, 198, 199, 200, 201, 202, 203, 204, 205, 206, 207]
Labels OK
Verifying test set
Dataset OK
MICCAI_000
before crop: (1, 287, 256, 256) after crop: (1, 247, 223, 165) spacing: [1. 1. 1.] 

MICCAI_009
before crop: (1, 295, 256, 256) after crop: (1, 223, 211, 163) spacing: [1. 1. 1.] 

MICCAI_013
before crop: (1, 302, 256, 256) after crop: (1, 230, 211, 165) spacing: [1. 1. 1.] 

MICCAI_001
before crop: (1, 261, 256, 256) after crop: (1, 229, 217, 167) spacing: [1. 1. 1.] 

MICCAI_014
before crop: (1, 307, 256, 256) after crop: (1, 224, 208, 164) spacing: [1. 1. 1.] 

MICCAI_008
before crop: (1, 274, 256, 256) after crop: (1, 225, 214, 165) spacing: [1. 1. 1.] 

MICCAI_012
before crop: (1, 295, 256, 256) after crop: (1, 230, 203, 175) spacing: [1. 1. 1.] 

MICCAI_010
before crop: (1, 264, 256, 256) after crop: (1, 223, 217, 162) spacing: [1. 1. 1.] 

MICCAI_011
before crop: (1, 287, 256, 256) after crop: (1, 231, 212, 160) spacing: [1. 1. 1.] 

MICCAI_002
before crop: (1, 277, 256, 256) after crop: (1, 238, 212, 156) spacing: [1. 1. 1.] 

MICCAI_017
before crop: (1, 269, 256, 256) after crop: (1, 240, 211, 170) spacing: [1. 1. 1.] 

MICCAI_007
before crop: (1, 320, 256, 256) after crop: (1, 232, 211, 169) spacing: [1. 1. 1.] 

MICCAI_015
before crop: (1, 319, 256, 256) after crop: (1, 238, 214, 166) spacing: [1. 1. 1.] 

MICCAI_006
before crop: (1, 312, 256, 256) after crop: (1, 242, 208, 162) spacing: [1. 1. 1.] 

MICCAI_036
before crop: (1, 334, 256, 256) after crop: (1, 238, 221, 161) spacing: [1. 1. 1.] 




 Task500_Test
number of threads:  (8, 8) 

using nonzero mask for normalization
Are we using the nonzero mask for normalizaion? OrderedDict([(0, True)])
the median shape of the dataset is  [231. 212. 165.]
the max shape in the dataset is  [247. 223. 175.]
the min shape in the dataset is  [223. 203. 156.]
we don't want feature maps smaller than  4  in the bottleneck
the transposed median shape of the dataset is  [231. 212. 165.]
generating configuration for 3d_fullres
generating configuration for 3d_lowres
{0: {'batch_size': 2, 'num_pool_per_axis': [5, 4, 4], 'patch_size': array([128, 112,  80]), 'median_patient_size_in_voxels': array([231, 212, 165]), 'current_spacing': array([1., 1., 1.]), 'original_spacing': array([1., 1., 1.]), 'do_dummy_2D_data_aug': False, 'pool_op_kernel_sizes': [[2, 2, 2], [2, 2, 2], [2, 2, 2], [2, 2, 2], [2, 1, 1]], 'conv_kernel_sizes': [[3, 3, 3], [3, 3, 3], [3, 3, 3], [3, 3, 3], [3, 3, 3], [3, 3, 3]]}}
transpose forward [0, 1, 2]
transpose backward [0, 1, 2]
Initializing to run preprocessing
npz folder: /home/fjn197/Thesis/Pipelines/data/nnunet/nnUNet_raw_data_base/nnUNet_cropped_data/Task500_Test
output_folder: /home/fjn197/Thesis/Pipelines/data/nnunet/nnUNet_preprocessed/Task500_Test
no resampling necessary
no resampling necessary
before: {'spacing': array([1., 1., 1.]), 'spacing_transposed': array([1., 1., 1.]), 'data.shape (data is transposed)': (1, 247, 223, 165)} 
after:  {'spacing': array([1., 1., 1.]), 'data.shape (data is resampled)': (1, 247, 223, 165)} 

4 578
11 2442
15 20
23 704
30 752
31 1075
32 1093
35 10000
36 4054
37 3893
38 10000
39 10000
40 10000
41 10000
42 109
43 105
44 10000
45 10000
46 1059
47 4126
48 3972
49 217
50 288
51 5743
52 4012
55 1796
56 1642
57 5105
58 5109
59 8775
60 9611
61 6059
62 5980
63 13
64 45
69 132
71 5407
72 2382
73 3104
75 713
76 867
100 5940
101 7913
102 5766
103 5768
104 3828
105 3409
106 10000
107 9356
108 3405
109 4516
112 7420
113 6634
114 8547
115 6943
116 2597
117 2365
118 2129
119 1838
120 2608
121 1472
122 8990
123 10000
124 2143
125 3563
128 8476
129 6303
132 10000
133 10000
134 10000
135 10000
136 3889
137 2692
138 5772
139 7502
140 2241
141 2724
142 10000
143 10000
144 6399
145 10000
146 5463
147 5680
148 1031
149 839
150 4234
151 4636
152 10000
153 7840
154 10000
155 10000
156 5477
157 1956
160 1948
161 4702
162 5501
163 3922
164 2184
165 1761
166 4458
167 6018
168 10000
169 10000
170 3914
171 4697
172 3501
173 3630
174 1980
175 3225
176 10000
177 10000
178 2719
179 3744
180 2093
181 1794
182 10000
183 10000
184 2260
185 5520
186 1488
187 1939
190 10000
191 10000
192 8928
193 7707
194 10000
195 10000
196 5832
197 4096
198 10000
199 10000
200 9493
201 6683
202 10000
203 10000
204 4186
205 8057
206 2126
207 3106
saving:  /home/fjn197/Thesis/Pipelines/data/nnunet/nnUNet_preprocessed/Task500_Test/nnUNetData_plans_v2.1_stage0/MICCAI_000.npz
no resampling necessary
no resampling necessary
before: {'spacing': array([1., 1., 1.]), 'spacing_transposed': array([1., 1., 1.]), 'data.shape (data is transposed)': (1, 225, 214, 165)} 
after:  {'spacing': array([1., 1., 1.]), 'data.shape (data is resampled)': (1, 225, 214, 165)} 

4 783
11 2473
23 577
30 613
31 890
32 876
35 10000
36 4069
37 4177
38 10000
39 10000
40 10000
41 10000
42 120
43 85
44 10000
45 10000
46 1127
47 3925
48 3955
49 416
50 252
51 5753
52 8659
55 1678
56 1571
57 4481
58 4649
59 8634
60 8641
61 5279
62 5729
63 6
64 35
69 106
71 4289
72 3206
73 3430
75 696
76 863
100 5207
101 6000
102 4857
103 5105
104 1711
105 3011
106 6017
107 7641
108 2868
109 3081
112 3713
113 4025
114 6912
115 5161
116 1443
117 1492
118 3209
119 2715
120 4747
121 3167
122 6575
123 9133
124 2670
125 2423
128 5293
129 6438
132 10000
133 10000
134 5995
135 6029
136 2222
137 2063
138 6799
139 5094
140 1962
141 2475
142 10000
143 10000
144 8212
145 7924
146 5203
147 5393
148 913
149 1100
150 1418
151 3636
152 9285
153 8543
154 10000
155 10000
156 2557
157 1972
160 6138
161 4982
162 6294
163 4523
164 2131
165 2686
166 4129
167 5798
168 10000
169 10000
170 2427
171 3119
172 2965
173 2842
174 2816
175 3561
176 8494
177 10000
178 4076
179 3497
180 3006
181 2372
182 10000
183 10000
184 1712
185 2590
186 1424
187 1768
190 10000
191 10000
192 7691
193 8194
194 10000
195 9477
196 7008
197 5200
198 10000
199 10000
200 6905
201 7481
202 8317
203 8170
204 3728
205 4399
206 1390
207 2225
saving:  /home/fjn197/Thesis/Pipelines/data/nnunet/nnUNet_preprocessed/Task500_Test/nnUNetData_plans_v2.1_stage0/MICCAI_008.npz
no resampling necessary
no resampling necessary
before: {'spacing': array([1., 1., 1.]), 'spacing_transposed': array([1., 1., 1.]), 'data.shape (data is transposed)': (1, 224, 208, 164)} 
after:  {'spacing': array([1., 1., 1.]), 'data.shape (data is resampled)': (1, 224, 208, 164)} 

4 479
11 1181
23 326
30 401
31 888
32 835
35 10000
36 2765
37 2783
38 10000
39 10000
40 10000
41 10000
42 58
43 89
44 10000
45 10000
46 800
47 2960
48 2878
49 316
50 211
51 5983
52 8836
55 1339
56 1324
57 3946
58 4056
59 6555
60 7073
61 3924
62 4250
63 29
64 18
69 86
71 4572
72 2199
73 2158
75 566
76 495
100 3430
101 5325
102 3995
103 3644
104 1795
105 1115
106 8329
107 7548
108 2668
109 2923
112 3494
113 5267
114 4228
115 2272
116 1454
117 1452
118 3027
119 2286
120 4925
121 4614
122 8666
123 8406
124 1448
125 1730
128 6149
129 4538
132 10000
133 10000
134 9341
135 10000
136 2670
137 2534
138 4765
139 4823
140 1550
141 2514
142 10000
143 10000
144 5499
145 5136
146 3937
147 3796
148 1035
149 1102
150 3165
151 2272
152 9226
153 6121
154 10000
155 10000
156 3186
157 8918
160 2980
161 1676
162 3520
163 5386
164 3279
165 1486
166 4709
167 4578
168 8382
169 10000
170 2463
171 2885
172 2091
173 2183
174 2649
175 2103
176 9587
177 10000
178 2271
179 2581
180 4229
181 2517
182 10000
183 10000
184 1231
185 1966
186 1451
187 1097
190 9253
191 10000
192 4119
193 6038
194 8754
195 6037
196 5261
197 1178
198 10000
199 10000
200 6742
201 7392
202 10000
203 9047
204 3129
205 2582
206 449
207 2628
saving:  /home/fjn197/Thesis/Pipelines/data/nnunet/nnUNet_preprocessed/Task500_Test/nnUNetData_plans_v2.1_stage0/MICCAI_014.npz
no resampling necessary
no resampling necessary
before: {'spacing': array([1., 1., 1.]), 'spacing_transposed': array([1., 1., 1.]), 'data.shape (data is transposed)': (1, 238, 212, 156)} 
after:  {'spacing': array([1., 1., 1.]), 'data.shape (data is resampled)': (1, 238, 212, 156)} 

4 976
11 3394
23 682
30 661
31 1104
32 1043
35 10000
36 3718
37 3478
38 10000
39 10000
40 10000
41 10000
42 71
43 48
44 10000
45 10000
46 978
47 3562
48 3416
49 431
50 180
51 5301
52 9754
55 1694
56 1659
57 5202
58 5442
59 7850
60 8340
61 4958
62 5028
63 28
64 33
69 137
71 3653
72 2870
73 2340
74 523
75 685
76 623
100 4934
101 6706
102 4990
103 5854
104 2027
105 1523
106 10000
107 10000
108 3305
109 2746
112 5820
113 5430
114 5942
115 5516
116 2735
117 1671
118 2075
119 1935
120 2383
121 3602
122 6397
123 7276
124 2741
125 2862
128 9952
129 5944
132 10000
133 10000
134 6354
135 5535
136 1432
137 3588
138 4685
139 6544
140 2404
141 2744
142 10000
143 10000
144 3766
145 8192
146 4636
147 5368
148 207
149 546
150 3706
151 4368
152 9876
153 7368
154 10000
155 10000
156 4949
157 5331
160 6571
161 6263
162 2071
163 2421
164 1614
165 1416
166 4987
167 5952
168 10000
169 10000
170 2678
171 3141
172 2561
173 2538
174 1541
175 1825
176 10000
177 10000
178 2479
179 2047
180 2231
181 3569
182 10000
183 10000
184 3095
185 2542
186 578
187 740
190 10000
191 10000
192 6862
193 4632
194 5994
195 7542
196 2529
197 2298
198 10000
199 9586
200 9748
201 9885
202 8772
203 7375
204 4705
205 5920
206 1681
207 1039
saving:  /home/fjn197/Thesis/Pipelines/data/nnunet/nnUNet_preprocessed/Task500_Test/nnUNetData_plans_v2.1_stage0/MICCAI_002.npz
no resampling necessary
no resampling necessary
before: {'spacing': array([1., 1., 1.]), 'spacing_transposed': array([1., 1., 1.]), 'data.shape (data is transposed)': (1, 230, 203, 175)} 
after:  {'spacing': array([1., 1., 1.]), 'data.shape (data is resampled)': (1, 230, 203, 175)} 

4 356
11 1151
15 11
23 431
30 451
31 820
32 841
35 10000
36 2632
37 2574
38 10000
39 10000
40 10000
41 10000
42 60
43 30
44 10000
45 10000
46 608
47 3562
48 3827
49 397
50 353
51 2291
52 3539
55 1220
56 1257
57 3638
58 3786
59 7321
60 7596
61 4423
62 4686
63 21
64 15
65 1
66 1
69 30
71 6714
72 2307
73 2820
75 257
76 403
100 3083
101 4778
102 3711
103 3682
104 1859
105 1430
106 6986
107 9458
108 2816
109 2899
112 5565
113 4092
114 5336
115 5490
116 1775
117 987
118 1491
119 1505
120 2296
121 1641
122 7622
123 7609
124 2150
125 2972
128 7643
129 4228
132 10000
133 9317
134 7985
135 7090
136 3416
137 1555
138 5407
139 5900
140 1814
141 2011
142 10000
143 10000
144 8302
145 6421
146 4914
147 4548
148 1135
149 1154
150 2669
151 3274
152 10000
153 8348
154 10000
155 10000
156 3282
157 3869
160 3567
161 3974
162 4278
163 2172
164 1665
165 1779
166 4313
167 4538
168 9369
169 10000
170 3500
171 3358
172 1849
173 1691
174 1810
175 2899
176 10000
177 10000
178 2447
179 4105
180 1685
181 1614
182 10000
183 10000
184 2462
185 1812
186 1301
187 1021
190 10000
191 10000
192 6900
193 4993
194 10000
195 9667
196 7696
197 5541
198 10000
199 9278
200 8211
201 6488
202 10000
203 10000
204 2566
205 4037
206 1665
207 2133
saving:  /home/fjn197/Thesis/Pipelines/data/nnunet/nnUNet_preprocessed/Task500_Test/nnUNetData_plans_v2.1_stage0/MICCAI_012.npz
no resampling necessary
no resampling necessary
before: {'spacing': array([1., 1., 1.]), 'spacing_transposed': array([1., 1., 1.]), 'data.shape (data is transposed)': (1, 223, 217, 162)} 
after:  {'spacing': array([1., 1., 1.]), 'data.shape (data is resampled)': (1, 223, 217, 162)} 

4 396
11 1429
15 14
23 464
30 523
31 1054
32 1052
35 10000
36 3772
37 3438
38 10000
39 10000
40 10000
41 10000
42 470
43 97
44 10000
45 10000
46 962
47 3586
48 3566
49 380
50 283
51 3443
52 4876
55 1477
56 1432
57 4642
58 4663
59 7988
60 8398
61 5118
62 5156
63 72
64 32
69 45
71 4680
72 1800
73 2485
75 524
76 444
100 6249
101 5092
102 5144
103 4765
104 2232
105 1488
106 10000
107 10000
108 4511
109 4305
112 6460
113 4637
114 6080
115 5886
116 2912
117 2460
118 2478
119 3280
120 5363
121 10000
122 8264
123 6810
124 2725
125 2804
128 6043
129 7075
132 10000
133 10000
134 10000
135 10000
136 1933
137 3022
138 6008
139 6731
140 1865
141 1404
142 10000
143 10000
144 9084
145 5690
146 5873
147 3601
148 1303
149 1205
150 2386
151 2730
152 8059
153 8044
154 10000
155 10000
156 3706
157 3967
160 3684
161 4355
162 3016
163 5433
164 1948
165 1853
166 4549
167 5428
168 10000
169 10000
170 3103
171 3052
172 2777
173 2555
174 3145
175 3193
176 10000
177 10000
178 3127
179 4165
180 1968
181 2289
182 10000
183 10000
184 3458
185 3439
186 1679
187 1363
190 10000
191 10000
192 4114
193 4889
194 7852
195 9694
196 4105
197 2717
198 9974
199 10000
200 10000
201 10000
202 10000
203 9940
204 5541
205 4852
206 2606
207 1990
saving:  /home/fjn197/Thesis/Pipelines/data/nnunet/nnUNet_preprocessed/Task500_Test/nnUNetData_plans_v2.1_stage0/MICCAI_010.npz
no resampling necessary
no resampling necessary
before: {'spacing': array([1., 1., 1.]), 'spacing_transposed': array([1., 1., 1.]), 'data.shape (data is transposed)': (1, 230, 211, 165)} 
after:  {'spacing': array([1., 1., 1.]), 'data.shape (data is resampled)': (1, 230, 211, 165)} 

4 736
11 1966
23 360
30 458
31 919
32 871
35 10000
36 2891
37 2855
38 10000
39 10000
40 10000
41 10000
42 88
43 92
44 10000
45 10000
46 1103
47 3624
48 3362
49 441
50 464
51 9623
52 10000
55 1525
56 1483
57 4297
58 4452
59 8314
60 8677
61 5117
62 5331
63 21
64 28
69 43
71 5381
72 2335
73 2830
75 559
76 497
100 5076
101 5786
102 4606
103 3755
104 2131
105 1383
106 10000
107 10000
108 2833
109 3085
112 3835
113 5240
114 6070
115 4185
116 1488
117 1620
118 1683
119 1764
120 3129
121 3142
122 7697
123 6444
124 2975
125 2741
128 5612
129 6358
132 10000
133 10000
134 10000
135 8346
136 1962
137 2922
138 6132
139 6106
140 2480
141 2013
142 10000
143 10000
144 6917
145 6761
146 3346
147 2951
148 554
149 817
150 2371
151 2087
152 6253
153 5514
154 10000
155 10000
156 3944
157 6698
160 3469
161 4228
162 3150
163 2970
164 2246
165 1920
166 3057
167 4655
168 10000
169 9434
170 2805
171 3084
172 1810
173 2823
174 1823
175 1098
176 9179
177 10000
178 2230
179 2483
180 2210
181 3276
182 10000
183 10000
184 1468
185 1766
186 807
187 897
190 10000
191 10000
192 5876
193 6810
194 5649
195 6134
196 5374
197 3683
198 10000
199 10000
200 8148
201 9089
202 6555
203 6181
204 3676
205 3707
206 890
207 928
saving:  /home/fjn197/Thesis/Pipelines/data/nnunet/nnUNet_preprocessed/Task500_Test/nnUNetData_plans_v2.1_stage0/MICCAI_013.npz
no resampling necessary
no resampling necessary
before: {'spacing': array([1., 1., 1.]), 'spacing_transposed': array([1., 1., 1.]), 'data.shape (data is transposed)': (1, 242, 208, 162)} 
after:  {'spacing': array([1., 1., 1.]), 'data.shape (data is resampled)': (1, 242, 208, 162)} 

4 933
11 1886
23 509
30 618
31 1083
32 924
35 10000
36 3713
37 3718
38 10000
39 10000
40 10000
41 10000
42 217
43 68
44 10000
45 10000
46 954
47 3948
48 3949
49 523
50 389
51 10000
52 10000
55 1829
56 1734
57 5154
58 5384
59 9214
60 9095
61 4742
62 4811
63 39
64 37
69 92
71 4855
72 3022
73 3611
75 592
76 621
100 4199
101 3332
102 4822
103 5047
104 1897
105 1422
106 10000
107 10000
108 3464
109 4010
112 4026
113 2323
114 4932
115 3381
116 1970
117 1859
118 1700
119 2104
120 5891
121 5860
122 8134
123 9377
124 2114
125 2525
128 8620
129 8194
132 10000
133 10000
134 10000
135 10000
136 3551
137 2895
138 4737
139 4409
140 1604
141 2181
142 10000
143 10000
144 8870
145 10000
146 3824
147 4901
148 464
149 507
150 2015
151 2662
152 7991
153 7213
154 10000
155 10000
156 5044
157 2484
160 6815
161 3340
162 3199
163 2851
164 1643
165 2330
166 3556
167 5495
168 10000
169 9571
170 3710
171 3924
172 2165
173 2256
174 1759
175 2413
176 10000
177 10000
178 1849
179 3450
180 1921
181 2762
182 10000
183 10000
184 2033
185 1349
186 2160
187 2555
190 10000
191 10000
192 8361
193 8090
194 6893
195 10000
196 6145
197 7038
198 10000
199 10000
200 8535
201 7051
202 4778
203 5882
204 3272
205 5501
206 1319
207 1082
saving:  /home/fjn197/Thesis/Pipelines/data/nnunet/nnUNet_preprocessed/Task500_Test/nnUNetData_plans_v2.1_stage0/MICCAI_006.npz
no resampling necessary
no resampling necessary
before: {'spacing': array([1., 1., 1.]), 'spacing_transposed': array([1., 1., 1.]), 'data.shape (data is transposed)': (1, 238, 214, 166)} 
after:  {'spacing': array([1., 1., 1.]), 'data.shape (data is resampled)': (1, 238, 214, 166)} 

4 632
11 1537
23 490
30 582
31 1019
32 906
35 10000
36 3999
37 3953
38 10000
39 10000
40 10000
41 10000
42 229
43 135
44 10000
45 10000
46 1265
47 3412
48 3534
49 153
50 48
51 6295
52 5065
55 1625
56 1592
57 4378
58 4708
59 8623
60 8871
61 4501
62 4657
63 31
64 59
65 1
69 96
71 4895
72 1822
73 3327
75 458
76 447
100 5492
101 3027
102 4469
103 4925
104 2999
105 1733
106 10000
107 10000
108 3482
109 3645
112 3274
113 4042
114 4974
115 3873
116 2849
117 2474
118 2858
119 2743
120 4691
121 3143
122 8305
123 8029
124 2795
125 3915
128 9021
129 9072
132 10000
133 10000
134 5409
135 5959
136 2876
137 2690
138 5298
139 4008
140 3376
141 2144
142 10000
143 10000
144 6667
145 7694
146 4389
147 4960
148 1487
149 686
150 4063
151 2568
152 9756
153 10000
154 10000
155 10000
156 4958
157 6220
160 6332
161 4823
162 5733
163 5929
164 1473
165 2401
166 4338
167 4789
168 10000
169 10000
170 3213
171 3315
172 2349
173 2357
174 3186
175 2792
176 9395
177 10000
178 2472
179 2410
180 2053
181 2191
182 10000
183 10000
184 2848
185 1932
186 1116
187 902
190 10000
191 10000
192 5151
193 8281
194 10000
195 10000
196 2831
197 4676
198 10000
199 10000
200 7960
201 6412
202 8903
203 8624
204 6642
205 6330
206 1673
207 1833
saving:  /home/fjn197/Thesis/Pipelines/data/nnunet/nnUNet_preprocessed/Task500_Test/nnUNetData_plans_v2.1_stage0/MICCAI_015.npz
no resampling necessary
no resampling necessary
before: {'spacing': array([1., 1., 1.]), 'spacing_transposed': array([1., 1., 1.]), 'data.shape (data is transposed)': (1, 229, 217, 167)} 
after:  {'spacing': array([1., 1., 1.]), 'data.shape (data is resampled)': (1, 229, 217, 167)} 

4 754
11 1733
23 415
30 522
31 1259
32 1258
35 10000
36 3597
37 3426
38 10000
39 10000
40 10000
41 10000
42 169
43 255
44 10000
45 10000
46 1012
47 3933
48 3469
49 621
50 150
51 6421
52 6518
55 1762
56 1627
57 5079
58 5422
59 7983
60 8216
61 5405
62 5650
63 42
64 30
69 79
71 4582
72 1925
73 2322
75 504
76 603
100 4720
101 7556
102 4136
103 4394
104 2230
105 1956
106 10000
107 9222
108 3842
109 4068
112 5274
113 4618
114 7264
115 8545
116 1508
117 1637
118 2332
119 2704
120 2830
121 2574
122 7367
123 6957
124 2935
125 2770
128 4945
129 7022
132 10000
133 10000
134 10000
135 8090
136 2583
137 3391
138 4741
139 5110
140 2539
141 2224
142 10000
143 10000
144 6829
145 5537
146 4663
147 4920
148 1561
149 2049
150 2944
151 1784
152 9538
153 8903
154 10000
155 10000
156 4583
157 3522
160 4705
161 6063
162 2923
163 3554
164 1459
165 926
166 4525
167 7968
168 10000
169 10000
170 2683
171 3516
172 2743
173 2440
174 3346
175 3522
176 10000
177 9753
178 2492
179 2628
180 2828
181 3640
182 10000
183 10000
184 3146
185 2146
186 719
187 597
190 10000
191 10000
192 6950
193 6275
194 7645
195 10000
196 3493
197 3377
198 10000
199 10000
200 10000
201 7603
202 8775
203 9796
204 5350
205 5045
206 1784
207 1714
saving:  /home/fjn197/Thesis/Pipelines/data/nnunet/nnUNet_preprocessed/Task500_Test/nnUNetData_plans_v2.1_stage0/MICCAI_001.npz
no resampling necessary
no resampling necessary
before: {'spacing': array([1., 1., 1.]), 'spacing_transposed': array([1., 1., 1.]), 'data.shape (data is transposed)': (1, 238, 221, 161)} 
after:  {'spacing': array([1., 1., 1.]), 'data.shape (data is resampled)': (1, 238, 221, 161)} 

4 637
11 2172
15 5
23 586
30 846
31 1156
32 1107
35 10000
36 3940
37 4047
38 10000
39 10000
40 10000
41 10000
42 122
43 128
44 10000
45 10000
46 1008
47 3906
48 3896
49 488
50 637
51 10000
52 10000
55 1806
56 1690
57 5107
58 5411
59 9373
60 9587
61 4997
62 5806
63 47
64 15
66 2
69 149
71 4697
72 2102
73 2471
75 953
76 918
100 3542
101 3692
102 4764
103 5397
104 2093
105 1543
106 9611
107 5026
108 5659
109 4315
112 3405
113 3989
114 6052
115 4501
116 2173
117 2382
118 3552
119 3028
120 4559
121 4141
122 8710
123 8093
124 3128
125 4240
128 10000
129 10000
132 10000
133 10000
134 7083
135 9886
136 3050
137 6448
138 6952
139 5545
140 1660
141 2746
142 10000
143 10000
144 6705
145 5494
146 3938
147 4080
148 1501
149 1263
150 4038
151 3759
152 10000
153 9072
154 10000
155 10000
156 2013
157 3730
160 4631
161 5495
162 4519
163 3381
164 1176
165 1290
166 3148
167 3956
168 10000
169 10000
170 3017
171 3698
172 3039
173 2544
174 2484
175 3332
176 10000
177 10000
178 2321
179 1516
180 2775
181 3477
182 10000
183 10000
184 1810
185 2289
186 1146
187 962
190 10000
191 10000
192 6687
193 8426
194 8925
195 10000
196 5373
197 6178
198 10000
199 10000
200 10000
201 8145
202 7911
203 8710
204 4126
205 5054
206 1576
207 1388
saving:  /home/fjn197/Thesis/Pipelines/data/nnunet/nnUNet_preprocessed/Task500_Test/nnUNetData_plans_v2.1_stage0/MICCAI_036.npz
no resampling necessary
no resampling necessary
before: {'spacing': array([1., 1., 1.]), 'spacing_transposed': array([1., 1., 1.]), 'data.shape (data is transposed)': (1, 232, 211, 169)} 
after:  {'spacing': array([1., 1., 1.]), 'data.shape (data is resampled)': (1, 232, 211, 169)} 

4 372
11 1487
23 688
30 685
31 976
32 887
35 10000
36 4171
37 3902
38 10000
39 10000
40 10000
41 10000
42 174
43 103
44 10000
45 10000
46 979
47 3386
48 3424
49 223
50 196
51 3726
52 4918
55 1619
56 1620
57 4764
58 5173
59 7916
60 8488
61 5110
62 5041
63 10
64 39
69 99
71 3553
72 2054
73 3097
75 764
76 740
100 4163
101 5340
102 4016
103 4249
104 3211
105 3322
106 10000
107 10000
108 4036
109 4323
112 4444
113 3817
114 7835
115 6261
116 1795
117 1344
118 2635
119 2613
120 7600
121 2390
122 10000
123 6412
124 2787
125 3774
128 8795
129 10000
132 10000
133 10000
134 6383
135 8130
136 4327
137 3544
138 5456
139 4707
140 2379
141 3380
142 10000
143 10000
144 5338
145 3910
146 3944
147 5663
148 2353
149 2668
150 2353
151 4568
152 9871
153 10000
154 10000
155 10000
156 3603
157 5454
160 6344
161 3736
162 3273
163 2906
164 2350
165 2549
166 6465
167 4540
168 7677
169 10000
170 3253
171 3782
172 2484
173 2139
174 3297
175 3501
176 10000
177 10000
178 2973
179 2834
180 2949
181 2976
182 10000
183 10000
184 2491
185 3221
186 1368
187 1164
190 10000
191 10000
192 7503
193 7417
194 8123
195 10000
196 2954
197 3812
198 10000
199 10000
200 9028
201 10000
202 9412
203 8520
204 2543
205 4349
206 1310
207 2063
saving:  /home/fjn197/Thesis/Pipelines/data/nnunet/nnUNet_preprocessed/Task500_Test/nnUNetData_plans_v2.1_stage0/MICCAI_007.npz
no resampling necessary
no resampling necessary
before: {'spacing': array([1., 1., 1.]), 'spacing_transposed': array([1., 1., 1.]), 'data.shape (data is transposed)': (1, 240, 211, 170)} 
after:  {'spacing': array([1., 1., 1.]), 'data.shape (data is resampled)': (1, 240, 211, 170)} 

4 863
11 3333
23 597
30 602
31 1183
32 1154
35 10000
36 3892
37 3804
38 10000
39 10000
40 10000
41 10000
42 111
43 111
44 10000
45 10000
46 1221
47 4091
48 3886
49 188
50 424
51 5937
52 5535
55 2094
56 2176
57 5531
58 5739
59 8968
60 9066
61 5559
62 5492
63 16
64 11
69 38
71 5078
72 2275
73 3600
75 697
76 788
100 6732
101 7540
102 5015
103 5266
104 1761
105 1505
106 10000
107 9078
108 3070
109 3347
112 3332
113 3223
114 5997
115 6980
116 3164
117 2014
118 3489
119 3047
120 3598
121 6403
122 6853
123 9846
124 4211
125 2904
128 8143
129 10000
132 10000
133 10000
134 3850
135 4973
136 2941
137 3200
138 5694
139 4477
140 2035
141 2305
142 10000
143 10000
144 5077
145 6611
146 5248
147 4689
148 1055
149 1697
150 4085
151 3284
152 10000
153 9970
154 10000
155 10000
156 3109
157 2509
160 5731
161 10000
162 6332
163 5079
164 1262
165 1611
166 3738
167 5156
168 10000
169 10000
170 5108
171 4077
172 2551
173 2444
174 2178
175 3200
176 10000
177 10000
178 1498
179 2046
180 2922
181 2442
182 10000
183 10000
184 1566
185 2605
186 439
187 480
190 10000
191 10000
192 5203
193 6193
194 10000
195 10000
196 3768
197 3978
198 10000
199 10000
200 10000
201 10000
202 9064
203 9377
204 7230
205 6612
206 1537
207 2425
saving:  /home/fjn197/Thesis/Pipelines/data/nnunet/nnUNet_preprocessed/Task500_Test/nnUNetData_plans_v2.1_stage0/MICCAI_017.npz
no resampling necessary
no resampling necessary
before: {'spacing': array([1., 1., 1.]), 'spacing_transposed': array([1., 1., 1.]), 'data.shape (data is transposed)': (1, 223, 211, 163)} 
after:  {'spacing': array([1., 1., 1.]), 'data.shape (data is resampled)': (1, 223, 211, 163)} 

4 723
11 1867
23 405
30 332
31 1014
32 1167
35 10000
36 3273
37 3290
38 10000
39 10000
40 10000
41 10000
42 125
43 152
44 10000
45 10000
46 1112
47 3748
48 3354
49 282
50 368
51 4388
52 5052
55 1595
56 1562
57 4246
58 4640
59 7932
60 8332
61 4765
62 5012
63 35
64 72
69 80
71 4711
72 1719
73 2652
75 434
76 287
100 4007
101 2819
102 4220
103 4463
104 1556
105 1785
106 10000
107 10000
108 2948
109 2973
112 5357
113 4535
114 4337
115 4249
116 1480
117 2354
118 3037
119 3445
120 9600
121 8264
122 7558
123 6577
124 2592
125 2115
128 6022
129 4049
132 10000
133 10000
134 8761
135 7726
136 3466
137 2269
138 4410
139 4701
140 2106
141 1308
142 10000
143 10000
144 7878
145 8180
146 3844
147 2776
148 1733
149 1443
150 2876
151 2025
152 7973
153 9336
154 10000
155 10000
156 6847
157 4217
160 3885
161 6689
162 3844
163 1414
164 2169
165 2571
166 3646
167 4835
168 9883
169 10000
170 3597
171 3432
172 2307
173 2355
174 1405
175 1661
176 10000
177 10000
178 1835
179 2425
180 2195
181 2467
182 10000
183 10000
184 2261
185 1922
186 836
187 875
190 10000
191 10000
192 5901
193 5834
194 6201
195 5506
196 4303
197 3507
198 9706
199 7485
200 7996
201 10000
202 9296
203 7245
204 3824
205 6207
206 1498
207 1520
saving:  /home/fjn197/Thesis/Pipelines/data/nnunet/nnUNet_preprocessed/Task500_Test/nnUNetData_plans_v2.1_stage0/MICCAI_009.npz
no resampling necessary
no resampling necessary
before: {'spacing': array([1., 1., 1.]), 'spacing_transposed': array([1., 1., 1.]), 'data.shape (data is transposed)': (1, 231, 212, 160)} 
after:  {'spacing': array([1., 1., 1.]), 'data.shape (data is resampled)': (1, 231, 212, 160)} 

4 334
11 1343
23 656
30 742
31 880
32 891
35 10000
36 4287
37 4346
38 10000
39 10000
40 10000
41 10000
42 67
43 81
44 10000
45 10000
46 986
47 3802
48 3477
49 218
50 331
51 6587
52 10000
55 1523
56 1595
57 5320
58 5500
59 8398
60 8620
61 5026
62 5263
63 89
64 79
69 34
71 6430
72 1986
73 2635
75 396
76 300
100 4961
101 4027
102 4490
103 4923
104 2343
105 1840
106 10000
107 8122
108 4248
109 4296
112 4950
113 5119
114 3768
115 6478
116 2466
117 2200
118 2529
119 2342
120 5885
121 5197
122 7549
123 6525
124 3085
125 2467
128 7379
129 9767
132 10000
133 10000
134 9378
135 8395
136 2643
137 2426
138 5271
139 4369
140 3024
141 1505
142 10000
143 10000
144 6339
145 7545
146 4678
147 6234
148 1105
149 3928
150 1844
151 2566
152 9263
153 10000
154 10000
155 10000
156 3560
157 3617
160 6060
161 5942
162 3758
163 4264
164 2567
165 1939
166 5247
167 4018
168 10000
169 10000
170 3391
171 3967
172 2788
173 2395
174 2799
175 3209
176 10000
177 10000
178 2783
179 3804
180 1663
181 2061
182 10000
183 10000
184 3042
185 2570
186 2028
187 1952
190 10000
191 10000
192 5286
193 7070
194 8342
195 9675
196 7833
197 5001
198 10000
199 9546
200 9474
201 7547
202 8411
203 8880
204 7318
205 6191
206 1433
207 1242
saving:  /home/fjn197/Thesis/Pipelines/data/nnunet/nnUNet_preprocessed/Task500_Test/nnUNetData_plans_v2.1_stage0/MICCAI_011.npz
using nonzero mask for normalization
Are we using the nonzero maks for normalizaion? OrderedDict([(0, True)])
the median shape of the dataset is  [231. 212. 165.]
the max shape in the dataset is  [247. 223. 175.]
the min shape in the dataset is  [223. 203. 156.]
we don't want feature maps smaller than  4  in the bottleneck
the transposed median shape of the dataset is  [231. 212. 165.]
[{'batch_size': 44, 'num_pool_per_axis': [5, 5], 'patch_size': array([224, 192]), 'median_patient_size_in_voxels': array([231, 212, 165]), 'current_spacing': array([1., 1., 1.]), 'original_spacing': array([1., 1., 1.]), 'pool_op_kernel_sizes': [[2, 2], [2, 2], [2, 2], [2, 2], [2, 2]], 'conv_kernel_sizes': [[3, 3], [3, 3], [3, 3], [3, 3], [3, 3], [3, 3]], 'do_dummy_2D_data_aug': False}]
Initializing to run preprocessing
npz folder: /home/fjn197/Thesis/Pipelines/data/nnunet/nnUNet_raw_data_base/nnUNet_cropped_data/Task500_Test
output_folder: /home/fjn197/Thesis/Pipelines/data/nnunet/nnUNet_preprocessed/Task500_Test
no resampling necessary
no resampling necessary
before: {'spacing': array([1., 1., 1.]), 'spacing_transposed': array([1., 1., 1.]), 'data.shape (data is transposed)': (1, 247, 223, 165)} 
after:  {'spacing': array([1., 1., 1.]), 'data.shape (data is resampled)': (1, 247, 223, 165)} 

normalization...
normalization done
4 578
11 2442
15 20
23 704
30 752
31 1075
32 1093
35 10000
36 4054
37 3893
38 10000
39 10000
40 10000
41 10000
42 109
43 105
44 10000
45 10000
46 1059
47 4126
48 3972
49 217
50 288
51 5743
52 4012
55 1796
56 1642
57 5105
58 5109
59 8775
60 9611
61 6059
62 5980
63 13
64 45
69 132
71 5407
72 2382
73 3104
75 713
76 867
100 5940
101 7913
102 5766
103 5768
104 3828
105 3409
106 10000
107 9356
108 3405
109 4516
112 7420
113 6634
114 8547
115 6943
116 2597
117 2365
118 2129
119 1838
120 2608
121 1472
122 8990
123 10000
124 2143
125 3563
128 8476
129 6303
132 10000
133 10000
134 10000
135 10000
136 3889
137 2692
138 5772
139 7502
140 2241
141 2724
142 10000
143 10000
144 6399
145 10000
146 5463
147 5680
148 1031
149 839
150 4234
151 4636
152 10000
153 7840
154 10000
155 10000
156 5477
157 1956
160 1948
161 4702
162 5501
163 3922
164 2184
165 1761
166 4458
167 6018
168 10000
169 10000
170 3914
171 4697
172 3501
173 3630
174 1980
175 3225
176 10000
177 10000
178 2719
179 3744
180 2093
181 1794
182 10000
183 10000
184 2260
185 5520
186 1488
187 1939
190 10000
191 10000
192 8928
193 7707
194 10000
195 10000
196 5832
197 4096
198 10000
199 10000
200 9493
201 6683
202 10000
203 10000
204 4186
205 8057
206 2126
207 3106
saving:  /home/fjn197/Thesis/Pipelines/data/nnunet/nnUNet_preprocessed/Task500_Test/nnUNetData_plans_v2.1_2D_stage0/MICCAI_000.npz
no resampling necessary
no resampling necessary
before: {'spacing': array([1., 1., 1.]), 'spacing_transposed': array([1., 1., 1.]), 'data.shape (data is transposed)': (1, 223, 217, 162)} 
after:  {'spacing': array([1., 1., 1.]), 'data.shape (data is resampled)': (1, 223, 217, 162)} 

normalization...
normalization done
4 396
11 1429
15 14
23 464
30 523
31 1054
32 1052
35 10000
36 3772
37 3438
38 10000
39 10000
40 10000
41 10000
42 470
43 97
44 10000
45 10000
46 962
47 3586
48 3566
49 380
50 283
51 3443
52 4876
55 1477
56 1432
57 4642
58 4663
59 7988
60 8398
61 5118
62 5156
63 72
64 32
69 45
71 4680
72 1800
73 2485
75 524
76 444
100 6249
101 5092
102 5144
103 4765
104 2232
105 1488
106 10000
107 10000
108 4511
109 4305
112 6460
113 4637
114 6080
115 5886
116 2912
117 2460
118 2478
119 3280
120 5363
121 10000
122 8264
123 6810
124 2725
125 2804
128 6043
129 7075
132 10000
133 10000
134 10000
135 10000
136 1933
137 3022
138 6008
139 6731
140 1865
141 1404
142 10000
143 10000
144 9084
145 5690
146 5873
147 3601
148 1303
149 1205
150 2386
151 2730
152 8059
153 8044
154 10000
155 10000
156 3706
157 3967
160 3684
161 4355
162 3016
163 5433
164 1948
165 1853
166 4549
167 5428
168 10000
169 10000
170 3103
171 3052
172 2777
173 2555
174 3145
175 3193
176 10000
177 10000
178 3127
179 4165
180 1968
181 2289
182 10000
183 10000
184 3458
185 3439
186 1679
187 1363
190 10000
191 10000
192 4114
193 4889
194 7852
195 9694
196 4105
197 2717
198 9974
199 10000
200 10000
201 10000
202 10000
203 9940
204 5541
205 4852
206 2606
207 1990
saving:  /home/fjn197/Thesis/Pipelines/data/nnunet/nnUNet_preprocessed/Task500_Test/nnUNetData_plans_v2.1_2D_stage0/MICCAI_010.npz
no resampling necessary
no resampling necessary
before: {'spacing': array([1., 1., 1.]), 'spacing_transposed': array([1., 1., 1.]), 'data.shape (data is transposed)': (1, 230, 211, 165)} 
after:  {'spacing': array([1., 1., 1.]), 'data.shape (data is resampled)': (1, 230, 211, 165)} 

normalization...
normalization done
4 736
11 1966
23 360
30 458
31 919
32 871
35 10000
36 2891
37 2855
38 10000
39 10000
40 10000
41 10000
42 88
43 92
44 10000
45 10000
46 1103
47 3624
48 3362
49 441
50 464
51 9623
52 10000
55 1525
56 1483
57 4297
58 4452
59 8314
60 8677
61 5117
62 5331
63 21
64 28
69 43
71 5381
72 2335
73 2830
75 559
76 497
100 5076
101 5786
102 4606
103 3755
104 2131
105 1383
106 10000
107 10000
108 2833
109 3085
112 3835
113 5240
114 6070
115 4185
116 1488
117 1620
118 1683
119 1764
120 3129
121 3142
122 7697
123 6444
124 2975
125 2741
128 5612
129 6358
132 10000
133 10000
134 10000
135 8346
136 1962
137 2922
138 6132
139 6106
140 2480
141 2013
142 10000
143 10000
144 6917
145 6761
146 3346
147 2951
148 554
149 817
150 2371
151 2087
152 6253
153 5514
154 10000
155 10000
156 3944
157 6698
160 3469
161 4228
162 3150
163 2970
164 2246
165 1920
166 3057
167 4655
168 10000
169 9434
170 2805
171 3084
172 1810
173 2823
174 1823
175 1098
176 9179
177 10000
178 2230
179 2483
180 2210
181 3276
182 10000
183 10000
184 1468
185 1766
186 807
187 897
190 10000
191 10000
192 5876
193 6810
194 5649
195 6134
196 5374
197 3683
198 10000
199 10000
200 8148
201 9089
202 6555
203 6181
204 3676
205 3707
206 890
207 928
saving:  /home/fjn197/Thesis/Pipelines/data/nnunet/nnUNet_preprocessed/Task500_Test/nnUNetData_plans_v2.1_2D_stage0/MICCAI_013.npz
no resampling necessary
no resampling necessary
before: {'spacing': array([1., 1., 1.]), 'spacing_transposed': array([1., 1., 1.]), 'data.shape (data is transposed)': (1, 238, 212, 156)} 
after:  {'spacing': array([1., 1., 1.]), 'data.shape (data is resampled)': (1, 238, 212, 156)} 

normalization...
normalization done
4 976
11 3394
23 682
30 661
31 1104
32 1043
35 10000
36 3718
37 3478
38 10000
39 10000
40 10000
41 10000
42 71
43 48
44 10000
45 10000
46 978
47 3562
48 3416
49 431
50 180
51 5301
52 9754
55 1694
56 1659
57 5202
58 5442
59 7850
60 8340
61 4958
62 5028
63 28
64 33
69 137
71 3653
72 2870
73 2340
74 523
75 685
76 623
100 4934
101 6706
102 4990
103 5854
104 2027
105 1523
106 10000
107 10000
108 3305
109 2746
112 5820
113 5430
114 5942
115 5516
116 2735
117 1671
118 2075
119 1935
120 2383
121 3602
122 6397
123 7276
124 2741
125 2862
128 9952
129 5944
132 10000
133 10000
134 6354
135 5535
136 1432
137 3588
138 4685
139 6544
140 2404
141 2744
142 10000
143 10000
144 3766
145 8192
146 4636
147 5368
148 207
149 546
150 3706
151 4368
152 9876
153 7368
154 10000
155 10000
156 4949
157 5331
160 6571
161 6263
162 2071
163 2421
164 1614
165 1416
166 4987
167 5952
168 10000
169 10000
170 2678
171 3141
172 2561
173 2538
174 1541
175 1825
176 10000
177 10000
178 2479
179 2047
180 2231
181 3569
182 10000
183 10000
184 3095
185 2542
186 578
187 740
190 10000
191 10000
192 6862
193 4632
194 5994
195 7542
196 2529
197 2298
198 10000
199 9586
200 9748
201 9885
202 8772
203 7375
204 4705
205 5920
206 1681
207 1039
saving:  /home/fjn197/Thesis/Pipelines/data/nnunet/nnUNet_preprocessed/Task500_Test/nnUNetData_plans_v2.1_2D_stage0/MICCAI_002.npz
no resampling necessary
no resampling necessary
before: {'spacing': array([1., 1., 1.]), 'spacing_transposed': array([1., 1., 1.]), 'data.shape (data is transposed)': (1, 230, 203, 175)} 
after:  {'spacing': array([1., 1., 1.]), 'data.shape (data is resampled)': (1, 230, 203, 175)} 

normalization...
normalization done
4 356
11 1151
15 11
23 431
30 451
31 820
32 841
35 10000
36 2632
37 2574
38 10000
39 10000
40 10000
41 10000
42 60
43 30
44 10000
45 10000
46 608
47 3562
48 3827
49 397
50 353
51 2291
52 3539
55 1220
56 1257
57 3638
58 3786
59 7321
60 7596
61 4423
62 4686
63 21
64 15
65 1
66 1
69 30
71 6714
72 2307
73 2820
75 257
76 403
100 3083
101 4778
102 3711
103 3682
104 1859
105 1430
106 6986
107 9458
108 2816
109 2899
112 5565
113 4092
114 5336
115 5490
116 1775
117 987
118 1491
119 1505
120 2296
121 1641
122 7622
123 7609
124 2150
125 2972
128 7643
129 4228
132 10000
133 9317
134 7985
135 7090
136 3416
137 1555
138 5407
139 5900
140 1814
141 2011
142 10000
143 10000
144 8302
145 6421
146 4914
147 4548
148 1135
149 1154
150 2669
151 3274
152 10000
153 8348
154 10000
155 10000
156 3282
157 3869
160 3567
161 3974
162 4278
163 2172
164 1665
165 1779
166 4313
167 4538
168 9369
169 10000
170 3500
171 3358
172 1849
173 1691
174 1810
175 2899
176 10000
177 10000
178 2447
179 4105
180 1685
181 1614
182 10000
183 10000
184 2462
185 1812
186 1301
187 1021
190 10000
191 10000
192 6900
193 4993
194 10000
195 9667
196 7696
197 5541
198 10000
199 9278
200 8211
201 6488
202 10000
203 10000
204 2566
205 4037
206 1665
207 2133
saving:  /home/fjn197/Thesis/Pipelines/data/nnunet/nnUNet_preprocessed/Task500_Test/nnUNetData_plans_v2.1_2D_stage0/MICCAI_012.npz
no resampling necessary
no resampling necessary
before: {'spacing': array([1., 1., 1.]), 'spacing_transposed': array([1., 1., 1.]), 'data.shape (data is transposed)': (1, 242, 208, 162)} 
after:  {'spacing': array([1., 1., 1.]), 'data.shape (data is resampled)': (1, 242, 208, 162)} 

normalization...
normalization done
4 933
11 1886
23 509
30 618
31 1083
32 924
35 10000
36 3713
37 3718
38 10000
39 10000
40 10000
41 10000
42 217
43 68
44 10000
45 10000
46 954
47 3948
48 3949
49 523
50 389
51 10000
52 10000
55 1829
56 1734
57 5154
58 5384
59 9214
60 9095
61 4742
62 4811
63 39
64 37
69 92
71 4855
72 3022
73 3611
75 592
76 621
100 4199
101 3332
102 4822
103 5047
104 1897
105 1422
106 10000
107 10000
108 3464
109 4010
112 4026
113 2323
114 4932
115 3381
116 1970
117 1859
118 1700
119 2104
120 5891
121 5860
122 8134
123 9377
124 2114
125 2525
128 8620
129 8194
132 10000
133 10000
134 10000
135 10000
136 3551
137 2895
138 4737
139 4409
140 1604
141 2181
142 10000
143 10000
144 8870
145 10000
146 3824
147 4901
148 464
149 507
150 2015
151 2662
152 7991
153 7213
154 10000
155 10000
156 5044
157 2484
160 6815
161 3340
162 3199
163 2851
164 1643
165 2330
166 3556
167 5495
168 10000
169 9571
170 3710
171 3924
172 2165
173 2256
174 1759
175 2413
176 10000
177 10000
178 1849
179 3450
180 1921
181 2762
182 10000
183 10000
184 2033
185 1349
186 2160
187 2555
190 10000
191 10000
192 8361
193 8090
194 6893
195 10000
196 6145
197 7038
198 10000
199 10000
200 8535
201 7051
202 4778
203 5882
204 3272
205 5501
206 1319
207 1082
saving:  /home/fjn197/Thesis/Pipelines/data/nnunet/nnUNet_preprocessed/Task500_Test/nnUNetData_plans_v2.1_2D_stage0/MICCAI_006.npz
no resampling necessary
no resampling necessary
before: {'spacing': array([1., 1., 1.]), 'spacing_transposed': array([1., 1., 1.]), 'data.shape (data is transposed)': (1, 238, 214, 166)} 
after:  {'spacing': array([1., 1., 1.]), 'data.shape (data is resampled)': (1, 238, 214, 166)} 

normalization...
normalization done
4 632
11 1537
23 490
30 582
31 1019
32 906
35 10000
36 3999
37 3953
38 10000
39 10000
40 10000
41 10000
42 229
43 135
44 10000
45 10000
46 1265
47 3412
48 3534
49 153
50 48
51 6295
52 5065
55 1625
56 1592
57 4378
58 4708
59 8623
60 8871
61 4501
62 4657
63 31
64 59
65 1
69 96
71 4895
72 1822
73 3327
75 458
76 447
100 5492
101 3027
102 4469
103 4925
104 2999
105 1733
106 10000
107 10000
108 3482
109 3645
112 3274
113 4042
114 4974
115 3873
116 2849
117 2474
118 2858
119 2743
120 4691
121 3143
122 8305
123 8029
124 2795
125 3915
128 9021
129 9072
132 10000
133 10000
134 5409
135 5959
136 2876
137 2690
138 5298
139 4008
140 3376
141 2144
142 10000
143 10000
144 6667
145 7694
146 4389
147 4960
148 1487
149 686
150 4063
151 2568
152 9756
153 10000
154 10000
155 10000
156 4958
157 6220
160 6332
161 4823
162 5733
163 5929
164 1473
165 2401
166 4338
167 4789
168 10000
169 10000
170 3213
171 3315
172 2349
173 2357
174 3186
175 2792
176 9395
177 10000
178 2472
179 2410
180 2053
181 2191
182 10000
183 10000
184 2848
185 1932
186 1116
187 902
190 10000
191 10000
192 5151
193 8281
194 10000
195 10000
196 2831
197 4676
198 10000
199 10000
200 7960
201 6412
202 8903
203 8624
204 6642
205 6330
206 1673
207 1833
saving:  /home/fjn197/Thesis/Pipelines/data/nnunet/nnUNet_preprocessed/Task500_Test/nnUNetData_plans_v2.1_2D_stage0/MICCAI_015.npz
no resampling necessary
no resampling necessary
before: {'spacing': array([1., 1., 1.]), 'spacing_transposed': array([1., 1., 1.]), 'data.shape (data is transposed)': (1, 225, 214, 165)} 
after:  {'spacing': array([1., 1., 1.]), 'data.shape (data is resampled)': (1, 225, 214, 165)} 

normalization...
normalization done
4 783
11 2473
23 577
30 613
31 890
32 876
35 10000
36 4069
37 4177
38 10000
39 10000
40 10000
41 10000
42 120
43 85
44 10000
45 10000
46 1127
47 3925
48 3955
49 416
50 252
51 5753
52 8659
55 1678
56 1571
57 4481
58 4649
59 8634
60 8641
61 5279
62 5729
63 6
64 35
69 106
71 4289
72 3206
73 3430
75 696
76 863
100 5207
101 6000
102 4857
103 5105
104 1711
105 3011
106 6017
107 7641
108 2868
109 3081
112 3713
113 4025
114 6912
115 5161
116 1443
117 1492
118 3209
119 2715
120 4747
121 3167
122 6575
123 9133
124 2670
125 2423
128 5293
129 6438
132 10000
133 10000
134 5995
135 6029
136 2222
137 2063
138 6799
139 5094
140 1962
141 2475
142 10000
143 10000
144 8212
145 7924
146 5203
147 5393
148 913
149 1100
150 1418
151 3636
152 9285
153 8543
154 10000
155 10000
156 2557
157 1972
160 6138
161 4982
162 6294
163 4523
164 2131
165 2686
166 4129
167 5798
168 10000
169 10000
170 2427
171 3119
172 2965
173 2842
174 2816
175 3561
176 8494
177 10000
178 4076
179 3497
180 3006
181 2372
182 10000
183 10000
184 1712
185 2590
186 1424
187 1768
190 10000
191 10000
192 7691
193 8194
194 10000
195 9477
196 7008
197 5200
198 10000
199 10000
200 6905
201 7481
202 8317
203 8170
204 3728
205 4399
206 1390
207 2225
saving:  /home/fjn197/Thesis/Pipelines/data/nnunet/nnUNet_preprocessed/Task500_Test/nnUNetData_plans_v2.1_2D_stage0/MICCAI_008.npz
no resampling necessary
no resampling necessary
before: {'spacing': array([1., 1., 1.]), 'spacing_transposed': array([1., 1., 1.]), 'data.shape (data is transposed)': (1, 224, 208, 164)} 
after:  {'spacing': array([1., 1., 1.]), 'data.shape (data is resampled)': (1, 224, 208, 164)} 

normalization...
normalization done
4 479
11 1181
23 326
30 401
31 888
32 835
35 10000
36 2765
37 2783
38 10000
39 10000
40 10000
41 10000
42 58
43 89
44 10000
45 10000
46 800
47 2960
48 2878
49 316
50 211
51 5983
52 8836
55 1339
56 1324
57 3946
58 4056
59 6555
60 7073
61 3924
62 4250
63 29
64 18
69 86
71 4572
72 2199
73 2158
75 566
76 495
100 3430
101 5325
102 3995
103 3644
104 1795
105 1115
106 8329
107 7548
108 2668
109 2923
112 3494
113 5267
114 4228
115 2272
116 1454
117 1452
118 3027
119 2286
120 4925
121 4614
122 8666
123 8406
124 1448
125 1730
128 6149
129 4538
132 10000
133 10000
134 9341
135 10000
136 2670
137 2534
138 4765
139 4823
140 1550
141 2514
142 10000
143 10000
144 5499
145 5136
146 3937
147 3796
148 1035
149 1102
150 3165
151 2272
152 9226
153 6121
154 10000
155 10000
156 3186
157 8918
160 2980
161 1676
162 3520
163 5386
164 3279
165 1486
166 4709
167 4578
168 8382
169 10000
170 2463
171 2885
172 2091
173 2183
174 2649
175 2103
176 9587
177 10000
178 2271
179 2581
180 4229
181 2517
182 10000
183 10000
184 1231
185 1966
186 1451
187 1097
190 9253
191 10000
192 4119
193 6038
194 8754
195 6037
196 5261
197 1178
198 10000
199 10000
200 6742
201 7392
202 10000
203 9047
204 3129
205 2582
206 449
207 2628
saving:  /home/fjn197/Thesis/Pipelines/data/nnunet/nnUNet_preprocessed/Task500_Test/nnUNetData_plans_v2.1_2D_stage0/MICCAI_014.npz
no resampling necessary
no resampling necessary
before: {'spacing': array([1., 1., 1.]), 'spacing_transposed': array([1., 1., 1.]), 'data.shape (data is transposed)': (1, 223, 211, 163)} 
after:  {'spacing': array([1., 1., 1.]), 'data.shape (data is resampled)': (1, 223, 211, 163)} 

normalization...
normalization done
4 723
11 1867
23 405
30 332
31 1014
32 1167
35 10000
36 3273
37 3290
38 10000
39 10000
40 10000
41 10000
42 125
43 152
44 10000
45 10000
46 1112
47 3748
48 3354
49 282
50 368
51 4388
52 5052
55 1595
56 1562
57 4246
58 4640
59 7932
60 8332
61 4765
62 5012
63 35
64 72
69 80
71 4711
72 1719
73 2652
75 434
76 287
100 4007
101 2819
102 4220
103 4463
104 1556
105 1785
106 10000
107 10000
108 2948
109 2973
112 5357
113 4535
114 4337
115 4249
116 1480
117 2354
118 3037
119 3445
120 9600
121 8264
122 7558
123 6577
124 2592
125 2115
128 6022
129 4049
132 10000
133 10000
134 8761
135 7726
136 3466
137 2269
138 4410
139 4701
140 2106
141 1308
142 10000
143 10000
144 7878
145 8180
146 3844
147 2776
148 1733
149 1443
150 2876
151 2025
152 7973
153 9336
154 10000
155 10000
156 6847
157 4217
160 3885
161 6689
162 3844
163 1414
164 2169
165 2571
166 3646
167 4835
168 9883
169 10000
170 3597
171 3432
172 2307
173 2355
174 1405
175 1661
176 10000
177 10000
178 1835
179 2425
180 2195
181 2467
182 10000
183 10000
184 2261
185 1922
186 836
187 875
190 10000
191 10000
192 5901
193 5834
194 6201
195 5506
196 4303
197 3507
198 9706
199 7485
200 7996
201 10000
202 9296
203 7245
204 3824
205 6207
206 1498
207 1520
saving:  /home/fjn197/Thesis/Pipelines/data/nnunet/nnUNet_preprocessed/Task500_Test/nnUNetData_plans_v2.1_2D_stage0/MICCAI_009.npz
no resampling necessary
no resampling necessary
before: {'spacing': array([1., 1., 1.]), 'spacing_transposed': array([1., 1., 1.]), 'data.shape (data is transposed)': (1, 231, 212, 160)} 
after:  {'spacing': array([1., 1., 1.]), 'data.shape (data is resampled)': (1, 231, 212, 160)} 

normalization...
normalization done
4 334
11 1343
23 656
30 742
31 880
32 891
35 10000
36 4287
37 4346
38 10000
39 10000
40 10000
41 10000
42 67
43 81
44 10000
45 10000
46 986
47 3802
48 3477
49 218
50 331
51 6587
52 10000
55 1523
56 1595
57 5320
58 5500
59 8398
60 8620
61 5026
62 5263
63 89
64 79
69 34
71 6430
72 1986
73 2635
75 396
76 300
100 4961
101 4027
102 4490
103 4923
104 2343
105 1840
106 10000
107 8122
108 4248
109 4296
112 4950
113 5119
114 3768
115 6478
116 2466
117 2200
118 2529
119 2342
120 5885
121 5197
122 7549
123 6525
124 3085
125 2467
128 7379
129 9767
132 10000
133 10000
134 9378
135 8395
136 2643
137 2426
138 5271
139 4369
140 3024
141 1505
142 10000
143 10000
144 6339
145 7545
146 4678
147 6234
148 1105
149 3928
150 1844
151 2566
152 9263
153 10000
154 10000
155 10000
156 3560
157 3617
160 6060
161 5942
162 3758
163 4264
164 2567
165 1939
166 5247
167 4018
168 10000
169 10000
170 3391
171 3967
172 2788
173 2395
174 2799
175 3209
176 10000
177 10000
178 2783
179 3804
180 1663
181 2061
182 10000
183 10000
184 3042
185 2570
186 2028
187 1952
190 10000
191 10000
192 5286
193 7070
194 8342
195 9675
196 7833
197 5001
198 10000
199 9546
200 9474
201 7547
202 8411
203 8880
204 7318
205 6191
206 1433
207 1242
saving:  /home/fjn197/Thesis/Pipelines/data/nnunet/nnUNet_preprocessed/Task500_Test/nnUNetData_plans_v2.1_2D_stage0/MICCAI_011.npz
no resampling necessary
no resampling necessary
before: {'spacing': array([1., 1., 1.]), 'spacing_transposed': array([1., 1., 1.]), 'data.shape (data is transposed)': (1, 232, 211, 169)} 
after:  {'spacing': array([1., 1., 1.]), 'data.shape (data is resampled)': (1, 232, 211, 169)} 

normalization...
normalization done
4 372
11 1487
23 688
30 685
31 976
32 887
35 10000
36 4171
37 3902
38 10000
39 10000
40 10000
41 10000
42 174
43 103
44 10000
45 10000
46 979
47 3386
48 3424
49 223
50 196
51 3726
52 4918
55 1619
56 1620
57 4764
58 5173
59 7916
60 8488
61 5110
62 5041
63 10
64 39
69 99
71 3553
72 2054
73 3097
75 764
76 740
100 4163
101 5340
102 4016
103 4249
104 3211
105 3322
106 10000
107 10000
108 4036
109 4323
112 4444
113 3817
114 7835
115 6261
116 1795
117 1344
118 2635
119 2613
120 7600
121 2390
122 10000
123 6412
124 2787
125 3774
128 8795
129 10000
132 10000
133 10000
134 6383
135 8130
136 4327
137 3544
138 5456
139 4707
140 2379
141 3380
142 10000
143 10000
144 5338
145 3910
146 3944
147 5663
148 2353
149 2668
150 2353
151 4568
152 9871
153 10000
154 10000
155 10000
156 3603
157 5454
160 6344
161 3736
162 3273
163 2906
164 2350
165 2549
166 6465
167 4540
168 7677
169 10000
170 3253
171 3782
172 2484
173 2139
174 3297
175 3501
176 10000
177 10000
178 2973
179 2834
180 2949
181 2976
182 10000
183 10000
184 2491
185 3221
186 1368
187 1164
190 10000
191 10000
192 7503
193 7417
194 8123
195 10000
196 2954
197 3812
198 10000
199 10000
200 9028
201 10000
202 9412
203 8520
204 2543
205 4349
206 1310
207 2063
saving:  /home/fjn197/Thesis/Pipelines/data/nnunet/nnUNet_preprocessed/Task500_Test/nnUNetData_plans_v2.1_2D_stage0/MICCAI_007.npz
no resampling necessary
no resampling necessary
before: {'spacing': array([1., 1., 1.]), 'spacing_transposed': array([1., 1., 1.]), 'data.shape (data is transposed)': (1, 240, 211, 170)} 
after:  {'spacing': array([1., 1., 1.]), 'data.shape (data is resampled)': (1, 240, 211, 170)} 

normalization...
normalization done
4 863
11 3333
23 597
30 602
31 1183
32 1154
35 10000
36 3892
37 3804
38 10000
39 10000
40 10000
41 10000
42 111
43 111
44 10000
45 10000
46 1221
47 4091
48 3886
49 188
50 424
51 5937
52 5535
55 2094
56 2176
57 5531
58 5739
59 8968
60 9066
61 5559
62 5492
63 16
64 11
69 38
71 5078
72 2275
73 3600
75 697
76 788
100 6732
101 7540
102 5015
103 5266
104 1761
105 1505
106 10000
107 9078
108 3070
109 3347
112 3332
113 3223
114 5997
115 6980
116 3164
117 2014
118 3489
119 3047
120 3598
121 6403
122 6853
123 9846
124 4211
125 2904
128 8143
129 10000
132 10000
133 10000
134 3850
135 4973
136 2941
137 3200
138 5694
139 4477
140 2035
141 2305
142 10000
143 10000
144 5077
145 6611
146 5248
147 4689
148 1055
149 1697
150 4085
151 3284
152 10000
153 9970
154 10000
155 10000
156 3109
157 2509
160 5731
161 10000
162 6332
163 5079
164 1262
165 1611
166 3738
167 5156
168 10000
169 10000
170 5108
171 4077
172 2551
173 2444
174 2178
175 3200
176 10000
177 10000
178 1498
179 2046
180 2922
181 2442
182 10000
183 10000
184 1566
185 2605
186 439
187 480
190 10000
191 10000
192 5203
193 6193
194 10000
195 10000
196 3768
197 3978
198 10000
199 10000
200 10000
201 10000
202 9064
203 9377
204 7230
205 6612
206 1537
207 2425
saving:  /home/fjn197/Thesis/Pipelines/data/nnunet/nnUNet_preprocessed/Task500_Test/nnUNetData_plans_v2.1_2D_stage0/MICCAI_017.npz
no resampling necessary
no resampling necessary
before: {'spacing': array([1., 1., 1.]), 'spacing_transposed': array([1., 1., 1.]), 'data.shape (data is transposed)': (1, 229, 217, 167)} 
after:  {'spacing': array([1., 1., 1.]), 'data.shape (data is resampled)': (1, 229, 217, 167)} 

normalization...
normalization done
4 754
11 1733
23 415
30 522
31 1259
32 1258
35 10000
36 3597
37 3426
38 10000
39 10000
40 10000
41 10000
42 169
43 255
44 10000
45 10000
46 1012
47 3933
48 3469
49 621
50 150
51 6421
52 6518
55 1762
56 1627
57 5079
58 5422
59 7983
60 8216
61 5405
62 5650
63 42
64 30
69 79
71 4582
72 1925
73 2322
75 504
76 603
100 4720
101 7556
102 4136
103 4394
104 2230
105 1956
106 10000
107 9222
108 3842
109 4068
112 5274
113 4618
114 7264
115 8545
116 1508
117 1637
118 2332
119 2704
120 2830
121 2574
122 7367
123 6957
124 2935
125 2770
128 4945
129 7022
132 10000
133 10000
134 10000
135 8090
136 2583
137 3391
138 4741
139 5110
140 2539
141 2224
142 10000
143 10000
144 6829
145 5537
146 4663
147 4920
148 1561
149 2049
150 2944
151 1784
152 9538
153 8903
154 10000
155 10000
156 4583
157 3522
160 4705
161 6063
162 2923
163 3554
164 1459
165 926
166 4525
167 7968
168 10000
169 10000
170 2683
171 3516
172 2743
173 2440
174 3346
175 3522
176 10000
177 9753
178 2492
179 2628
180 2828
181 3640
182 10000
183 10000
184 3146
185 2146
186 719
187 597
190 10000
191 10000
192 6950
193 6275
194 7645
195 10000
196 3493
197 3377
198 10000
199 10000
200 10000
201 7603
202 8775
203 9796
204 5350
205 5045
206 1784
207 1714
saving:  /home/fjn197/Thesis/Pipelines/data/nnunet/nnUNet_preprocessed/Task500_Test/nnUNetData_plans_v2.1_2D_stage0/MICCAI_001.npz
no resampling necessary
no resampling necessary
before: {'spacing': array([1., 1., 1.]), 'spacing_transposed': array([1., 1., 1.]), 'data.shape (data is transposed)': (1, 238, 221, 161)} 
after:  {'spacing': array([1., 1., 1.]), 'data.shape (data is resampled)': (1, 238, 221, 161)} 

normalization...
normalization done
4 637
11 2172
15 5
23 586
30 846
31 1156
32 1107
35 10000
36 3940
37 4047
38 10000
39 10000
40 10000
41 10000
42 122
43 128
44 10000
45 10000
46 1008
47 3906
48 3896
49 488
50 637
51 10000
52 10000
55 1806
56 1690
57 5107
58 5411
59 9373
60 9587
61 4997
62 5806
63 47
64 15
66 2
69 149
71 4697
72 2102
73 2471
75 953
76 918
100 3542
101 3692
102 4764
103 5397
104 2093
105 1543
106 9611
107 5026
108 5659
109 4315
112 3405
113 3989
114 6052
115 4501
116 2173
117 2382
118 3552
119 3028
120 4559
121 4141
122 8710
123 8093
124 3128
125 4240
128 10000
129 10000
132 10000
133 10000
134 7083
135 9886
136 3050
137 6448
138 6952
139 5545
140 1660
141 2746
142 10000
143 10000
144 6705
145 5494
146 3938
147 4080
148 1501
149 1263
150 4038
151 3759
152 10000
153 9072
154 10000
155 10000
156 2013
157 3730
160 4631
161 5495
162 4519
163 3381
164 1176
165 1290
166 3148
167 3956
168 10000
169 10000
170 3017
171 3698
172 3039
173 2544
174 2484
175 3332
176 10000
177 10000
178 2321
179 1516
180 2775
181 3477
182 10000
183 10000
184 1810
185 2289
186 1146
187 962
190 10000
191 10000
192 6687
193 8426
194 8925
195 10000
196 5373
197 6178
198 10000
199 10000
200 10000
201 8145
202 7911
203 8710
204 4126
205 5054
206 1576
207 1388
saving:  /home/fjn197/Thesis/Pipelines/data/nnunet/nnUNet_preprocessed/Task500_Test/nnUNetData_plans_v2.1_2D_stage0/MICCAI_036.npz
