Train set has been trimmed slightly..
(1, 256, 256, 3)
UID: 77
Epoch 0, Iteration: 2000, Loss: 14144342.0
style: 23935.408, content:14030792.0, tv: 89615.36
Epoch 0, Iteration: 4000, Loss: 9697591.0
style: 9659.386, content:9640373.0, tv: 47559.15
Epoch 0, Iteration: 6000, Loss: 265734.94
style: 438.7804, content:262013.08, tv: 3283.0977
Epoch 0, Iteration: 8000, Loss: 31531.037
style: 24.401062, content:29237.438, tv: 2269.1995
Epoch 0, Iteration: 10000, Loss: 13356.56
style: 18.7206, content:11189.36, tv: 2148.4783
Epoch 0, Iteration: 12000, Loss: 8652.982
style: 13.935905, content:6652.9, tv: 1986.1467
Epoch 0, Iteration: 14000, Loss: 35449.78
style: 50.515087, content:29767.092, tv: 5632.172
Epoch 0, Iteration: 16000, Loss: 4340.2686
style: 21.685572, content:2846.0654, tv: 1472.5176
Epoch 0, Iteration: 18000, Loss: 15816.957
style: 25.948153, content:9279.857, tv: 6511.152
Epoch 0, Iteration: 20000, Loss: 2871.6902
style: 28.254658, content:1468.2898, tv: 1375.1458
Epoch 1, Iteration: 2000, Loss: 1897.9502
style: 20.130684, content:869.4806, tv: 1008.33887
Epoch 1, Iteration: 4000, Loss: 1707.2241
style: 16.8636, content:1022.6115, tv: 667.7491
Epoch 1, Iteration: 6000, Loss: 1877.4766
style: 9.443467, content:1083.4458, tv: 784.5873
Epoch 1, Iteration: 8000, Loss: 1823.949
style: 13.41148, content:1080.7996, tv: 729.73785
Epoch 1, Iteration: 10000, Loss: 1501.3298
style: 16.13598, content:731.6015, tv: 753.59235
Epoch 1, Iteration: 12000, Loss: 3427.538
style: 14.613354, content:2813.567, tv: 599.3578
Epoch 1, Iteration: 14000, Loss: 2456.8623
style: 20.198072, content:1444.7389, tv: 991.92523
Epoch 1, Iteration: 16000, Loss: 1179.0256
style: 19.901995, content:734.29236, tv: 424.83136
Epoch 1, Iteration: 18000, Loss: 2408.9055
style: 13.200205, content:781.2835, tv: 1614.4219
Epoch 1, Iteration: 20000, Loss: 732.9436
style: 28.21398, content:316.8995, tv: 387.8301
Epoch 2, Iteration: 2000, Loss: 1360.8547
style: 19.433226, content:768.3392, tv: 573.0824
Epoch 2, Iteration: 4000, Loss: 1004.39026
style: 16.490538, content:659.1204, tv: 328.77933
Epoch 2, Iteration: 6000, Loss: 863.72107
style: 9.602809, content:582.8006, tv: 271.3177
Epoch 2, Iteration: 8000, Loss: 771.9885
style: 13.139043, content:441.42874, tv: 317.42075
Epoch 2, Iteration: 10000, Loss: 681.07495
style: 15.8820505, content:380.73303, tv: 284.45987
Epoch 2, Iteration: 12000, Loss: 780.40857
style: 13.554786, content:559.2072, tv: 207.64651
Epoch 2, Iteration: 14000, Loss: 2223.0635
style: 20.690685, content:1389.4565, tv: 812.9164
Epoch 2, Iteration: 16000, Loss: 577.3229
style: 19.624023, content:249.84663, tv: 307.85223
Epoch 2, Iteration: 18000, Loss: 362.6955
style: 13.662201, content:176.47853, tv: 172.55475
Epoch 2, Iteration: 20000, Loss: 770.4295
style: 27.853785, content:330.23154, tv: 412.34418
Epoch 3, Iteration: 2000, Loss: 399.14056
style: 19.894716, content:230.31842, tv: 148.92741
Epoch 3, Iteration: 4000, Loss: 321.75006
style: 16.929434, content:194.67252, tv: 110.14813
Epoch 3, Iteration: 6000, Loss: 605.4552
style: 8.628482, content:497.36276, tv: 99.46394
Epoch 3, Iteration: 8000, Loss: 262.46478
style: 12.86255, content:163.29489, tv: 86.30735
Epoch 3, Iteration: 10000, Loss: 308.1429
style: 16.031788, content:192.27138, tv: 99.83975
Epoch 3, Iteration: 12000, Loss: 277.06927
style: 13.687673, content:185.10376, tv: 78.27785
Epoch 3, Iteration: 14000, Loss: 304.2175
style: 21.043465, content:207.98772, tv: 75.18631
Epoch 3, Iteration: 16000, Loss: 182.59842
style: 19.439287, content:86.780914, tv: 76.37822
Epoch 3, Iteration: 18000, Loss: 178.40329
style: 13.494312, content:96.178116, tv: 68.73086
Epoch 3, Iteration: 20000, Loss: 159.81668
style: 28.00974, content:67.61226, tv: 64.19468
Epoch 4, Iteration: 2000, Loss: 219.50067
style: 20.017523, content:138.38908, tv: 61.09407
Epoch 4, Iteration: 4000, Loss: 220.84163
style: 17.013681, content:149.17906, tv: 54.64888
Epoch 4, Iteration: 6000, Loss: 237.72507
style: 8.996281, content:170.67831, tv: 58.05047
Epoch 4, Iteration: 8000, Loss: 327.2801
style: 12.070047, content:265.1029, tv: 50.107155
Epoch 4, Iteration: 10000, Loss: 442.20184
style: 16.622766, content:374.15686, tv: 51.422203
Epoch 4, Iteration: 12000, Loss: 224.79848
style: 13.346235, content:156.54831, tv: 54.903927
Epoch 4, Iteration: 14000, Loss: 258.09186
style: 21.523138, content:183.70334, tv: 52.8654
Epoch 4, Iteration: 16000, Loss: 124.903564
style: 19.519617, content:57.446995, tv: 47.936947
Epoch 4, Iteration: 18000, Loss: 113.456535
style: 13.989064, content:57.56841, tv: 41.899063
Epoch 4, Iteration: 20000, Loss: 122.544815
style: 28.448065, content:52.80452, tv: 41.29223
Epoch 5, Iteration: 2000, Loss: 157.6555
style: 20.0378, content:96.64256, tv: 40.97514
Epoch 5, Iteration: 4000, Loss: 131.32608
style: 16.874138, content:76.64557, tv: 37.806366
Epoch 5, Iteration: 6000, Loss: 213.67696
style: 9.009774, content:165.47223, tv: 39.194942
Epoch 5, Iteration: 8000, Loss: 186.28792
style: 12.993344, content:128.9505, tv: 44.344074
Epoch 5, Iteration: 10000, Loss: 176.3736
style: 15.917797, content:113.90624, tv: 46.549557
Epoch 5, Iteration: 12000, Loss: 145.2243
style: 13.279803, content:94.69647, tv: 37.24804
Epoch 5, Iteration: 14000, Loss: 205.30017
style: 21.608707, content:145.4901, tv: 38.201378
Epoch 5, Iteration: 16000, Loss: 136.29877
style: 19.26665, content:74.67965, tv: 42.352474
Epoch 5, Iteration: 18000, Loss: 117.0905
style: 13.685421, content:63.64009, tv: 39.764988
Epoch 5, Iteration: 20000, Loss: 194.65051
style: 28.946077, content:127.37786, tv: 38.326576
Epoch 6, Iteration: 2000, Loss: 200.62463
style: 19.528887, content:145.07773, tv: 36.018013
Epoch 6, Iteration: 4000, Loss: 126.066826
style: 16.866724, content:74.45564, tv: 34.74446
Epoch 6, Iteration: 6000, Loss: 184.02025
style: 8.767467, content:140.30154, tv: 34.95123
Epoch 6, Iteration: 8000, Loss: 1039.1294
style: 14.171105, content:991.57886, tv: 33.379444
Epoch 6, Iteration: 10000, Loss: 139.38718
style: 16.03775, content:84.36941, tv: 38.98001
Epoch 6, Iteration: 12000, Loss: 109.16939
style: 13.228411, content:59.38892, tv: 36.552055
Epoch 6, Iteration: 14000, Loss: 212.01047
style: 21.462801, content:150.60555, tv: 39.942123
Epoch 6, Iteration: 16000, Loss: 99.14186
style: 19.561106, content:39.249783, tv: 40.33097
Epoch 6, Iteration: 18000, Loss: 98.26072
style: 13.757787, content:48.45159, tv: 36.051342
Epoch 6, Iteration: 20000, Loss: 124.05966
style: 27.838879, content:59.886173, tv: 36.33461
Epoch 7, Iteration: 2000, Loss: 104.96175
style: 20.010962, content:51.395348, tv: 33.55543
Epoch 7, Iteration: 4000, Loss: 102.46471
style: 16.835278, content:54.74219, tv: 30.88724
Epoch 7, Iteration: 6000, Loss: 122.82289
style: 9.072127, content:81.287415, tv: 32.463352
Epoch 7, Iteration: 8000, Loss: 106.71622
style: 12.77294, content:58.294086, tv: 35.64919
Epoch 7, Iteration: 10000, Loss: 291.5599
style: 15.138511, content:240.86537, tv: 35.556038
Epoch 7, Iteration: 12000, Loss: 116.70184
style: 13.541057, content:68.765015, tv: 34.39578
Epoch 7, Iteration: 14000, Loss: 169.86978
style: 21.619118, content:114.113396, tv: 34.137276
Epoch 7, Iteration: 16000, Loss: 87.1169
style: 19.406391, content:30.82688, tv: 36.883633
Epoch 7, Iteration: 18000, Loss: 77.86497
style: 13.895956, content:32.149197, tv: 31.819818
Epoch 7, Iteration: 20000, Loss: 89.7673
style: 28.29518, content:28.488407, tv: 32.98372
Epoch 8, Iteration: 2000, Loss: 136.22685
style: 20.030077, content:83.44238, tv: 32.754395
Epoch 8, Iteration: 4000, Loss: 93.16059
style: 16.86829, content:46.177094, tv: 30.11521
Epoch 8, Iteration: 6000, Loss: 123.09948
style: 8.873642, content:82.6512, tv: 31.57464
Epoch 8, Iteration: 8000, Loss: 100.14621
style: 12.831412, content:53.68732, tv: 33.627476
Epoch 8, Iteration: 10000, Loss: 92.02629
style: 15.814489, content:46.24073, tv: 29.971071
Epoch 8, Iteration: 12000, Loss: 123.810486
style: 13.581112, content:80.822136, tv: 29.407246
Epoch 8, Iteration: 14000, Loss: 102.24084
style: 21.229118, content:50.56062, tv: 30.451105
Epoch 8, Iteration: 16000, Loss: 79.37462
style: 19.444988, content:26.217983, tv: 33.711647
Epoch 8, Iteration: 18000, Loss: 75.05266
style: 14.001752, content:30.749002, tv: 30.301905
Epoch 8, Iteration: 20000, Loss: 97.92023
style: 28.532427, content:38.524055, tv: 30.863747
Epoch 9, Iteration: 2000, Loss: 157.32924
style: 19.910717, content:105.55408, tv: 31.864443
Epoch 9, Iteration: 4000, Loss: 174.74573
style: 16.39526, content:130.04105, tv: 28.309414
Epoch 9, Iteration: 6000, Loss: 101.51555
style: 8.961116, content:62.264008, tv: 30.290428
Epoch 9, Iteration: 8000, Loss: 916.9516
style: 14.189077, content:875.9729, tv: 26.789598
Epoch 9, Iteration: 10000, Loss: 236.5761
style: 15.136832, content:189.62999, tv: 31.809277
Epoch 9, Iteration: 12000, Loss: 99.567444
style: 13.195574, content:55.384476, tv: 30.9874
Epoch 9, Iteration: 14000, Loss: 90.69318
style: 21.160925, content:40.719334, tv: 28.812916
Epoch 9, Iteration: 16000, Loss: 86.8978
style: 19.579607, content:36.103382, tv: 31.214806
Epoch 9, Iteration: 18000, Loss: 65.78499
style: 13.866831, content:23.797966, tv: 28.120193
Epoch 9, Iteration: 20000, Loss: 80.10524
style: 28.16837, content:22.714003, tv: 29.222868
Epoch 10, Iteration: 2000, Loss: 141.40054
style: 19.64473, content:93.39259, tv: 28.363228
Epoch 10, Iteration: 4000, Loss: 86.459076
style: 16.752378, content:43.172894, tv: 26.53381
Epoch 10, Iteration: 6000, Loss: 100.41141
style: 8.8339, content:65.66452, tv: 25.912983
Epoch 10, Iteration: 8000, Loss: 86.61374
style: 12.788206, content:46.106937, tv: 27.718594
Epoch 10, Iteration: 10000, Loss: 106.60008
style: 15.844532, content:51.28652, tv: 39.469036
Epoch 10, Iteration: 12000, Loss: 79.44106
style: 13.39624, content:35.63554, tv: 30.409285
Epoch 10, Iteration: 14000, Loss: 98.53808
style: 21.3194, content:48.530186, tv: 28.68849
Epoch 10, Iteration: 16000, Loss: 69.376144
style: 19.26728, content:23.109758, tv: 26.999107
Epoch 10, Iteration: 18000, Loss: 164.13876
style: 13.197774, content:124.79546, tv: 26.145525
Epoch 10, Iteration: 20000, Loss: 377.74664
style: 28.487043, content:310.1004, tv: 39.159214
Epoch 11, Iteration: 2000, Loss: 85.25073
style: 19.875317, content:37.337315, tv: 28.0381
Epoch 11, Iteration: 4000, Loss: 76.49239
style: 16.83309, content:33.54364, tv: 26.11566
Epoch 11, Iteration: 6000, Loss: 90.24734
style: 8.863411, content:56.432972, tv: 24.950953
Epoch 11, Iteration: 8000, Loss: 129.96536
style: 13.088196, content:91.82704, tv: 25.050133
