

Please cite the following paper when using nnUNet:

Isensee, F., Jaeger, P.F., Kohl, S.A.A. et al. "nnU-Net: a self-configuring method for deep learning-based biomedical image segmentation." Nat Methods (2020). https://doi.org/10.1038/s41592-020-01008-z


If you have questions or suggestions, feel free to open an issue at https://github.com/MIC-DKFZ/nnUNet

###############################################
I am running the following nnUNet: 3d_fullres
My trainer class is:  <class 'nnunet.training.network_training.nnUNetTrainerV2.nnUNetTrainerV2'>
For that I will be using the following configuration:
num_classes:  133
modalities:  {0: 'T1'}
use_mask_for_norm OrderedDict([(0, True)])
keep_only_largest_region None
min_region_size_per_class None
min_size_per_class None
normalization_schemes OrderedDict([(0, 'nonCT')])
stages...

stage:  0
{'batch_size': 2, 'num_pool_per_axis': [5, 5, 4], 'patch_size': array([128, 128,  96]), 'median_patient_size_in_voxels': array([230, 212, 165]), 'current_spacing': array([1., 1., 1.]), 'original_spacing': array([1., 1., 1.]), 'do_dummy_2D_data_aug': False, 'pool_op_kernel_sizes': [[2, 2, 2], [2, 2, 2], [2, 2, 2], [2, 2, 2], [2, 2, 1]], 'conv_kernel_sizes': [[3, 3, 3], [3, 3, 3], [3, 3, 3], [3, 3, 3], [3, 3, 3], [3, 3, 3]]}

I am using stage 0 from these plans
I am using sample dice + CE loss

I am using data from this folder:  /home/fjn197/Thesis/Pipelines/data/nnunet/nnUNet_preprocessed/Task501_MICCAI/nnUNetData_plans_v2.1
###############################################
loading dataset
loading all case properties
2021-11-15 08:56:52.042783: Using splits from existing split file: /home/fjn197/Thesis/Pipelines/data/nnunet/nnUNet_preprocessed/Task501_MICCAI/splits_final.pkl
2021-11-15 08:56:52.063957: The split file contains 5 splits.
2021-11-15 08:56:52.065763: Desired fold for training: 0
2021-11-15 08:56:52.067111: This split has 28 training and 7 validation cases.
unpacking dataset
done
2021-11-15 08:57:08.467722: loading checkpoint /home/fjn197/Thesis/Pipelines/data/nnunet/nnUNet_trained_models/nnUNet/3d_fullres/Task501_MICCAI/nnUNetTrainerV2__nnUNetPlansv2.1/fold_0/model_latest.model train= True
2021-11-15 08:57:12.298005: lr: 0.002872
using pin_memory on device 0
